[2023-07-29T16:01:52.421+0000] {taskinstance.py:1087} INFO - Dependencies all met for <TaskInstance: data_engineering_jobs_dags_v3.write_to_postgres scheduled__2023-07-19T00:00:00+00:00 [queued]>
[2023-07-29T16:01:52.718+0000] {taskinstance.py:1087} INFO - Dependencies all met for <TaskInstance: data_engineering_jobs_dags_v3.write_to_postgres scheduled__2023-07-19T00:00:00+00:00 [queued]>
[2023-07-29T16:01:52.736+0000] {taskinstance.py:1283} INFO - 
--------------------------------------------------------------------------------
[2023-07-29T16:01:52.800+0000] {taskinstance.py:1284} INFO - Starting attempt 2 of 2
[2023-07-29T16:01:52.801+0000] {taskinstance.py:1285} INFO - 
--------------------------------------------------------------------------------
[2023-07-29T16:01:54.363+0000] {taskinstance.py:1304} INFO - Executing <Task(PythonOperator): write_to_postgres> on 2023-07-19 00:00:00+00:00
[2023-07-29T16:01:54.415+0000] {standard_task_runner.py:55} INFO - Started process 15276 to run task
[2023-07-29T16:01:54.489+0000] {standard_task_runner.py:82} INFO - Running: ['***', 'tasks', 'run', 'data_engineering_jobs_dags_v3', 'write_to_postgres', 'scheduled__2023-07-19T00:00:00+00:00', '--job-id', '2934', '--raw', '--subdir', 'DAGS_FOLDER/load_data_v3.py', '--cfg-path', '/tmp/tmpz1bqgr4b']
[2023-07-29T16:01:54.515+0000] {standard_task_runner.py:83} INFO - Job 2934: Subtask write_to_postgres
[2023-07-29T16:01:55.384+0000] {task_command.py:389} INFO - Running <TaskInstance: data_engineering_jobs_dags_v3.write_to_postgres scheduled__2023-07-19T00:00:00+00:00 [running]> on host f1ea17bde741
[2023-07-29T16:01:57.082+0000] {taskinstance.py:1513} INFO - Exporting the following env vars:
AIRFLOW_CTX_DAG_OWNER=***
AIRFLOW_CTX_DAG_ID=data_engineering_jobs_dags_v3
AIRFLOW_CTX_TASK_ID=write_to_postgres
AIRFLOW_CTX_EXECUTION_DATE=2023-07-19T00:00:00+00:00
AIRFLOW_CTX_TRY_NUMBER=2
AIRFLOW_CTX_DAG_RUN_ID=scheduled__2023-07-19T00:00:00+00:00
[2023-07-29T16:01:57.406+0000] {taskinstance.py:1772} ERROR - Task failed with exception
Traceback (most recent call last):
  File "/home/airflow/.local/lib/python3.7/site-packages/pandas/core/indexes/base.py", line 3361, in get_loc
    return self._engine.get_loc(casted_key)
  File "pandas/_libs/index.pyx", line 76, in pandas._libs.index.IndexEngine.get_loc
  File "pandas/_libs/index.pyx", line 108, in pandas._libs.index.IndexEngine.get_loc
  File "pandas/_libs/hashtable_class_helper.pxi", line 5198, in pandas._libs.hashtable.PyObjectHashTable.get_item
  File "pandas/_libs/hashtable_class_helper.pxi", line 5206, in pandas._libs.hashtable.PyObjectHashTable.get_item
KeyError: 'company'

The above exception was the direct cause of the following exception:

Traceback (most recent call last):
  File "/home/airflow/.local/lib/python3.7/site-packages/airflow/operators/python.py", line 175, in execute
    return_value = self.execute_callable()
  File "/home/airflow/.local/lib/python3.7/site-packages/airflow/operators/python.py", line 192, in execute_callable
    return self.python_callable(*self.op_args, **self.op_kwargs)
  File "/opt/airflow/dags/load_data_v3.py", line 66, in write_to_postgres
    df = df.join(pd.json_normalize(df.pop('company'), prefix='company'))
  File "/home/airflow/.local/lib/python3.7/site-packages/pandas/core/frame.py", line 5226, in pop
    return super().pop(item=item)
  File "/home/airflow/.local/lib/python3.7/site-packages/pandas/core/generic.py", line 870, in pop
    result = self[item]
  File "/home/airflow/.local/lib/python3.7/site-packages/pandas/core/frame.py", line 3458, in __getitem__
    indexer = self.columns.get_loc(key)
  File "/home/airflow/.local/lib/python3.7/site-packages/pandas/core/indexes/base.py", line 3363, in get_loc
    raise KeyError(key) from err
KeyError: 'company'
[2023-07-29T16:01:57.515+0000] {taskinstance.py:1327} INFO - Marking task as FAILED. dag_id=data_engineering_jobs_dags_v3, task_id=write_to_postgres, execution_date=20230719T000000, start_date=20230729T160152, end_date=20230729T160157
[2023-07-29T16:01:57.724+0000] {standard_task_runner.py:105} ERROR - Failed to execute job 2934 for task write_to_postgres ('company'; 15276)
[2023-07-29T16:01:57.869+0000] {local_task_job.py:159} INFO - Task exited with return code 1
[2023-07-29T16:01:58.465+0000] {taskinstance.py:2582} INFO - 0 downstream tasks scheduled from follow-on schedule check
